c:\users\jason\desktop\semester 5\gam\final project\finalproject_starterkit\firstexample\debug\vc142.pdb
c:\users\jason\desktop\semester 5\gam\final project\finalproject_starterkit\firstexample\debug\vc142.idb
c:\users\jason\desktop\semester 5\gam\final project\finalproject_starterkit\firstexample\debug\stb_image_aug.obj
c:\users\jason\desktop\semester 5\gam\final project\finalproject_starterkit\firstexample\debug\soil.obj
c:\users\jason\desktop\semester 5\gam\final project\finalproject_starterkit\firstexample\debug\image_helper.obj
c:\users\jason\desktop\semester 5\gam\final project\finalproject_starterkit\firstexample\debug\image_dxt.obj
c:\users\jason\desktop\semester 5\gam\final project\finalproject_starterkit\firstexample\debug\3d_world_traversal.obj
c:\users\jason\desktop\semester 5\gam\final project\finalproject_starterkit\firstexample\debug\loadshaders.obj
c:\users\jason\desktop\finalproject_starterkit\firstexample\debug\vc142.pdb
c:\users\jason\desktop\finalproject_starterkit\firstexample\debug\vc142.idb
c:\users\jason\desktop\finalproject_starterkit\firstexample\debug\stb_image_aug.obj
c:\users\jason\desktop\finalproject_starterkit\firstexample\debug\soil.obj
c:\users\jason\desktop\finalproject_starterkit\firstexample\debug\image_helper.obj
c:\users\jason\desktop\finalproject_starterkit\firstexample\debug\image_dxt.obj
c:\users\jason\desktop\finalproject_starterkit\firstexample\debug\3d_world_traversal.obj
c:\users\jason\desktop\finalproject_starterkit\firstexample\debug\loadshaders.obj
c:\users\jason\desktop\semester 5\gam\final project\finalproject_starterkit\debug\3d_world.exe
c:\users\jason\desktop\semester 5\gam\final project\finalproject_starterkit\debug\3d_world.ilk
c:\users\jason\desktop\semester 5\gam\final project\finalproject_starterkit\debug\3d_world.pdb
c:\users\jason\desktop\finalproject_starterkit\debug\3d_world.exe
c:\users\jason\desktop\finalproject_starterkit\debug\3d_world.ilk
c:\users\jason\desktop\finalproject_starterkit\debug\3d_world.pdb
c:\users\jason\desktop\finalproject_starterkit\firstexample\debug\3d_world_traversal.new.obj.enc
c:\users\jason\desktop\finalproject_starterkit\firstexample\debug\vc140.idb
c:\users\jason\desktop\finalproject_starterkit\firstexample\debug\vc140.pdb
c:\users\jason\desktop\finalproject_starterkit\firstexample\debug\3d_world.tlog\cl.command.1.tlog
c:\users\jason\desktop\finalproject_starterkit\firstexample\debug\3d_world.tlog\cl.read.1.tlog
c:\users\jason\desktop\finalproject_starterkit\firstexample\debug\3d_world.tlog\cl.write.1.tlog
c:\users\jason\desktop\finalproject_starterkit\firstexample\debug\3d_world.tlog\link.command.1.tlog
c:\users\jason\desktop\finalproject_starterkit\firstexample\debug\3d_world.tlog\link.delete.1.tlog
c:\users\jason\desktop\finalproject_starterkit\firstexample\debug\3d_world.tlog\link.read.1.tlog
c:\users\jason\desktop\finalproject_starterkit\firstexample\debug\3d_world.tlog\link.write.1.tlog
