C:\Program Files (x86)\Microsoft Visual Studio\2019\Community\MSBuild\Microsoft\VC\v160\Microsoft.CppBuild.targets(452,5): warning MSB8028: The intermediate directory (Debug\) contains files shared from another project (FirstExample.vcxproj).  This can lead to incorrect clean and rebuild behavior.
  image_DXT.c
  image_helper.c
C:\Users\jason\Desktop\FinalProject_StarterKit\SOIL\src\image_helper.c(325,1): warning C4244: 'initializing': conversion from 'double' to 'float', possible loss of data
C:\Users\jason\Desktop\FinalProject_StarterKit\SOIL\src\image_helper.c(366,58): warning C4244: '=': conversion from 'double' to 'float', possible loss of data
C:\Users\jason\Desktop\FinalProject_StarterKit\SOIL\src\image_helper.c(373,46): warning C4244: '=': conversion from 'float' to 'int', possible loss of data
C:\Users\jason\Desktop\FinalProject_StarterKit\SOIL\src\image_helper.c(415,58): warning C4244: '=': conversion from 'double' to 'float', possible loss of data
  SOIL.c
C:\Users\jason\Desktop\FinalProject_StarterKit\SOIL\src\image_helper.c(422,62): warning C4244: '=': conversion from 'float' to 'int', possible loss of data
C:\Users\jason\Desktop\FinalProject_StarterKit\SOIL\src\SOIL.c(1719,36): warning C4018: '<=': signed/unsigned mismatch
  stb_image_aug.c
C:\Users\jason\Desktop\FinalProject_StarterKit\SOIL\src\SOIL.c(1729,19): warning C4018: '<': signed/unsigned mismatch
C:\Users\jason\Desktop\FinalProject_StarterKit\SOIL\src\stbi_DDS_aug_c.h(362,19): warning C4018: '>': signed/unsigned mismatch
C:\Users\jason\Desktop\FinalProject_StarterKit\SOIL\src\stbi_DDS_aug_c.h(366,19): warning C4018: '>': signed/unsigned mismatch
C:\Users\jason\Desktop\FinalProject_StarterKit\SOIL\src\stbi_DDS_aug_c.h(390,19): warning C4018: '<': signed/unsigned mismatch
  Generating Code...
C:\Users\jason\Desktop\FinalProject_StarterKit\SOIL\src\stbi_DDS_aug_c.h(427,19): warning C4018: '<': signed/unsigned mismatch
  LoadShaders.cpp
  3D_World_Traversal.cpp
C:\Users\jason\Desktop\FinalProject_StarterKit\FirstExample\3D_World_Traversal.cpp(100,20): warning C4018: '<': signed/unsigned mismatch
C:\Users\jason\Desktop\FinalProject_StarterKit\FirstExample\3D_World_Traversal.cpp(101,21): warning C4018: '<': signed/unsigned mismatch
C:\Users\jason\Desktop\FinalProject_StarterKit\FirstExample\3D_World_Traversal.cpp(143,20): warning C4018: '<': signed/unsigned mismatch
C:\Users\jason\Desktop\FinalProject_StarterKit\FirstExample\3D_World_Traversal.cpp(157,32): warning C4305: 'argument': truncation from 'double' to 'float'
C:\Users\jason\Desktop\FinalProject_StarterKit\FirstExample\3D_World_Traversal.cpp(209,46): warning C4305: 'argument': truncation from 'double' to 'float'
  Generating Code...
C:\Users\jason\Desktop\FinalProject_StarterKit\FirstExample\3D_World_Traversal.cpp(257,2): warning C4305: 'initializing': truncation from 'double' to 'GLfloat'
Debug\LoadShaders.obj : warning LNK4042: object specified more than once; extras ignored
MSVCRTD.lib(initializers.obj) : warning LNK4098: defaultlib 'libcmtd.lib' conflicts with use of other libs; use /NODEFAULTLIB:library
glew_static_vs2010_d.lib(glew.obj) : warning LNK4099: PDB 'vc100.pdb' was not found with 'glew_static_vs2010_d.lib(glew.obj)' or at 'C:\Users\jason\Desktop\FinalProject_StarterKit\Debug\vc100.pdb'; linking object as if no debug info
freeglut_static_vs2010_d.lib(freeglut_callbacks.obj) : warning LNK4099: PDB 'vc100.pdb' was not found with 'freeglut_static_vs2010_d.lib(freeglut_callbacks.obj)' or at 'C:\Users\jason\Desktop\FinalProject_StarterKit\Debug\vc100.pdb'; linking object as if no debug info
freeglut_static_vs2010_d.lib(freeglut_cursor.obj) : warning LNK4099: PDB 'vc100.pdb' was not found with 'freeglut_static_vs2010_d.lib(freeglut_cursor.obj)' or at 'C:\Users\jason\Desktop\FinalProject_StarterKit\Debug\vc100.pdb'; linking object as if no debug info
freeglut_static_vs2010_d.lib(freeglut_display.obj) : warning LNK4099: PDB 'vc100.pdb' was not found with 'freeglut_static_vs2010_d.lib(freeglut_display.obj)' or at 'C:\Users\jason\Desktop\FinalProject_StarterKit\Debug\vc100.pdb'; linking object as if no debug info
freeglut_static_vs2010_d.lib(freeglut_font.obj) : warning LNK4099: PDB 'vc100.pdb' was not found with 'freeglut_static_vs2010_d.lib(freeglut_font.obj)' or at 'C:\Users\jason\Desktop\FinalProject_StarterKit\Debug\vc100.pdb'; linking object as if no debug info
freeglut_static_vs2010_d.lib(freeglut_font_data.obj) : warning LNK4099: PDB 'vc100.pdb' was not found with 'freeglut_static_vs2010_d.lib(freeglut_font_data.obj)' or at 'C:\Users\jason\Desktop\FinalProject_StarterKit\Debug\vc100.pdb'; linking object as if no debug info
freeglut_static_vs2010_d.lib(freeglut_init.obj) : warning LNK4099: PDB 'vc100.pdb' was not found with 'freeglut_static_vs2010_d.lib(freeglut_init.obj)' or at 'C:\Users\jason\Desktop\FinalProject_StarterKit\Debug\vc100.pdb'; linking object as if no debug info
freeglut_static_vs2010_d.lib(freeglut_input_devices.obj) : warning LNK4099: PDB 'vc100.pdb' was not found with 'freeglut_static_vs2010_d.lib(freeglut_input_devices.obj)' or at 'C:\Users\jason\Desktop\FinalProject_StarterKit\Debug\vc100.pdb'; linking object as if no debug info
freeglut_static_vs2010_d.lib(freeglut_joystick.obj) : warning LNK4099: PDB 'vc100.pdb' was not found with 'freeglut_static_vs2010_d.lib(freeglut_joystick.obj)' or at 'C:\Users\jason\Desktop\FinalProject_StarterKit\Debug\vc100.pdb'; linking object as if no debug info
freeglut_static_vs2010_d.lib(freeglut_main.obj) : warning LNK4099: PDB 'vc100.pdb' was not found with 'freeglut_static_vs2010_d.lib(freeglut_main.obj)' or at 'C:\Users\jason\Desktop\FinalProject_StarterKit\Debug\vc100.pdb'; linking object as if no debug info
freeglut_static_vs2010_d.lib(freeglut_menu.obj) : warning LNK4099: PDB 'vc100.pdb' was not found with 'freeglut_static_vs2010_d.lib(freeglut_menu.obj)' or at 'C:\Users\jason\Desktop\FinalProject_StarterKit\Debug\vc100.pdb'; linking object as if no debug info
freeglut_static_vs2010_d.lib(freeglut_spaceball.obj) : warning LNK4099: PDB 'vc100.pdb' was not found with 'freeglut_static_vs2010_d.lib(freeglut_spaceball.obj)' or at 'C:\Users\jason\Desktop\FinalProject_StarterKit\Debug\vc100.pdb'; linking object as if no debug info
freeglut_static_vs2010_d.lib(freeglut_state.obj) : warning LNK4099: PDB 'vc100.pdb' was not found with 'freeglut_static_vs2010_d.lib(freeglut_state.obj)' or at 'C:\Users\jason\Desktop\FinalProject_StarterKit\Debug\vc100.pdb'; linking object as if no debug info
freeglut_static_vs2010_d.lib(freeglut_stroke_mono_roman.obj) : warning LNK4099: PDB 'vc100.pdb' was not found with 'freeglut_static_vs2010_d.lib(freeglut_stroke_mono_roman.obj)' or at 'C:\Users\jason\Desktop\FinalProject_StarterKit\Debug\vc100.pdb'; linking object as if no debug info
freeglut_static_vs2010_d.lib(freeglut_stroke_roman.obj) : warning LNK4099: PDB 'vc100.pdb' was not found with 'freeglut_static_vs2010_d.lib(freeglut_stroke_roman.obj)' or at 'C:\Users\jason\Desktop\FinalProject_StarterKit\Debug\vc100.pdb'; linking object as if no debug info
freeglut_static_vs2010_d.lib(freeglut_structure.obj) : warning LNK4099: PDB 'vc100.pdb' was not found with 'freeglut_static_vs2010_d.lib(freeglut_structure.obj)' or at 'C:\Users\jason\Desktop\FinalProject_StarterKit\Debug\vc100.pdb'; linking object as if no debug info
freeglut_static_vs2010_d.lib(freeglut_window.obj) : warning LNK4099: PDB 'vc100.pdb' was not found with 'freeglut_static_vs2010_d.lib(freeglut_window.obj)' or at 'C:\Users\jason\Desktop\FinalProject_StarterKit\Debug\vc100.pdb'; linking object as if no debug info
  FirstExample.vcxproj -> C:\Users\jason\Desktop\FinalProject_StarterKit\Debug\3D_World.exe
