c:\users\alireza\desktop\textured_3d_space_traverse_with_yaw_pitch\firstexample\debug\vc142.pdb
c:\users\alireza\desktop\textured_3d_space_traverse_with_yaw_pitch\firstexample\debug\vc142.idb
c:\users\alireza\desktop\textured_3d_space_traverse_with_yaw_pitch\firstexample\debug\stb_image_aug.obj
c:\users\alireza\desktop\textured_3d_space_traverse_with_yaw_pitch\firstexample\debug\soil.obj
c:\users\alireza\desktop\textured_3d_space_traverse_with_yaw_pitch\firstexample\debug\image_helper.obj
c:\users\alireza\desktop\textured_3d_space_traverse_with_yaw_pitch\firstexample\debug\image_dxt.obj
c:\users\alireza\desktop\textured_3d_space_traverse_with_yaw_pitch\firstexample\debug\3d_world_traversal.obj
c:\users\alireza\desktop\textured_3d_space_traverse_with_yaw_pitch\firstexample\debug\loadshaders.obj
c:\users\alireza\downloads\textured_3d_space_traverse_with_yaw_pitch\firstexample\debug\vc142.pdb
c:\users\alireza\downloads\textured_3d_space_traverse_with_yaw_pitch\firstexample\debug\vc142.idb
c:\users\alireza\downloads\textured_3d_space_traverse_with_yaw_pitch\firstexample\debug\stb_image_aug.obj
c:\users\alireza\downloads\textured_3d_space_traverse_with_yaw_pitch\firstexample\debug\soil.obj
c:\users\alireza\downloads\textured_3d_space_traverse_with_yaw_pitch\firstexample\debug\image_helper.obj
c:\users\alireza\downloads\textured_3d_space_traverse_with_yaw_pitch\firstexample\debug\image_dxt.obj
c:\users\alireza\downloads\textured_3d_space_traverse_with_yaw_pitch\firstexample\debug\3d_world_traversal.obj
c:\users\alireza\downloads\textured_3d_space_traverse_with_yaw_pitch\firstexample\debug\loadshaders.obj
c:\users\alireza\desktop\textured_3d_space_traverse_with_yaw_pitch\debug\3d_world.exe
c:\users\alireza\desktop\textured_3d_space_traverse_with_yaw_pitch\debug\3d_world.ilk
c:\users\alireza\desktop\textured_3d_space_traverse_with_yaw_pitch\debug\3d_world.pdb
c:\users\alireza\downloads\textured_3d_space_traverse_with_yaw_pitch\debug\3d_world.ilk
c:\users\alireza\downloads\textured_3d_space_traverse_with_yaw_pitch\debug\3d_world.exe
c:\users\alireza\downloads\textured_3d_space_traverse_with_yaw_pitch\debug\3d_world.pdb
c:\users\alireza\downloads\textured_3d_space_traverse_with_yaw_pitch\firstexample\debug\vc140.idb
c:\users\alireza\downloads\textured_3d_space_traverse_with_yaw_pitch\firstexample\debug\vc140.pdb
c:\users\alireza\downloads\textured_3d_space_traverse_with_yaw_pitch\firstexample\debug\3d_world.tlog\cl.command.1.tlog
c:\users\alireza\downloads\textured_3d_space_traverse_with_yaw_pitch\firstexample\debug\3d_world.tlog\cl.read.1.tlog
c:\users\alireza\downloads\textured_3d_space_traverse_with_yaw_pitch\firstexample\debug\3d_world.tlog\cl.write.1.tlog
c:\users\alireza\downloads\textured_3d_space_traverse_with_yaw_pitch\firstexample\debug\3d_world.tlog\link.command.1.tlog
c:\users\alireza\downloads\textured_3d_space_traverse_with_yaw_pitch\firstexample\debug\3d_world.tlog\link.delete.1.tlog
c:\users\alireza\downloads\textured_3d_space_traverse_with_yaw_pitch\firstexample\debug\3d_world.tlog\link.read.1.tlog
c:\users\alireza\downloads\textured_3d_space_traverse_with_yaw_pitch\firstexample\debug\3d_world.tlog\link.write.1.tlog
